Warning[207] C:\USERS\KEVIN\DESKTOP\PROYECTO.X\PRO.ASM 13 : Found label after column 1. (COUNTER)
Warning[207] C:\USERS\KEVIN\DESKTOP\PROYECTO.X\PRO.ASM 14 : Found label after column 1. (ONESECTIMER)
Warning[207] C:\USERS\KEVIN\DESKTOP\PROYECTO.X\PRO.ASM 15 : Found label after column 1. (PHASETIMER)
Warning[207] C:\USERS\KEVIN\DESKTOP\PROYECTO.X\PRO.ASM 16 : Found label after column 1. (CONTROL)
Warning[207] C:\USERS\KEVIN\DESKTOP\PROYECTO.X\PRO.ASM 21 : Found label after column 1. (SECTIMER)
Warning[207] C:\USERS\KEVIN\DESKTOP\PROYECTO.X\PRO.ASM 22 : Found label after column 1. (CHANGEVAR)
Warning[207] C:\USERS\KEVIN\DESKTOP\PROYECTO.X\PRO.ASM 23 : Found label after column 1. (TM)
Warning[207] C:\USERS\KEVIN\DESKTOP\PROYECTO.X\PRO.ASM 24 : Found label after column 1. (TIMERTWOFIVE)
Warning[207] C:\USERS\KEVIN\DESKTOP\PROYECTO.X\PRO.ASM 25 : Found label after column 1. (D2)
Warning[207] C:\USERS\KEVIN\DESKTOP\PROYECTO.X\PRO.ASM 26 : Found label after column 1. (D1)
Warning[207] C:\USERS\KEVIN\DESKTOP\PROYECTO.X\PRO.ASM 50 : Found label after column 1. (DY)
Warning[207] C:\USERS\KEVIN\DESKTOP\PROYECTO.X\PRO.ASM 80 : Found label after column 1. (RESETLBL)
Warning[207] C:\USERS\KEVIN\DESKTOP\PROYECTO.X\PRO.ASM 89 : Found label after column 1. (EXIT)
Warning[203] C:\USERS\KEVIN\DESKTOP\PROYECTO.X\PRO.ASM 93 : Found opcode in column 1. (RETFIE)
Message[302] C:\USERS\KEVIN\DESKTOP\PROYECTO.X\PRO.ASM 107 : Register in operand not in bank 0.  Ensure that bank bits are correct.
Message[302] C:\USERS\KEVIN\DESKTOP\PROYECTO.X\PRO.ASM 108 : Register in operand not in bank 0.  Ensure that bank bits are correct.
Message[302] C:\USERS\KEVIN\DESKTOP\PROYECTO.X\PRO.ASM 109 : Register in operand not in bank 0.  Ensure that bank bits are correct.
Message[302] C:\USERS\KEVIN\DESKTOP\PROYECTO.X\PRO.ASM 110 : Register in operand not in bank 0.  Ensure that bank bits are correct.
Message[302] C:\USERS\KEVIN\DESKTOP\PROYECTO.X\PRO.ASM 111 : Register in operand not in bank 0.  Ensure that bank bits are correct.
Message[302] C:\USERS\KEVIN\DESKTOP\PROYECTO.X\PRO.ASM 112 : Register in operand not in bank 0.  Ensure that bank bits are correct.
Message[302] C:\USERS\KEVIN\DESKTOP\PROYECTO.X\PRO.ASM 113 : Register in operand not in bank 0.  Ensure that bank bits are correct.
Message[302] C:\USERS\KEVIN\DESKTOP\PROYECTO.X\PRO.ASM 114 : Register in operand not in bank 0.  Ensure that bank bits are correct.
Message[302] C:\USERS\KEVIN\DESKTOP\PROYECTO.X\PRO.ASM 117 : Register in operand not in bank 0.  Ensure that bank bits are correct.
Message[302] C:\USERS\KEVIN\DESKTOP\PROYECTO.X\PRO.ASM 118 : Register in operand not in bank 0.  Ensure that bank bits are correct.
Message[302] C:\USERS\KEVIN\DESKTOP\PROYECTO.X\PRO.ASM 120 : Register in operand not in bank 0.  Ensure that bank bits are correct.
Message[302] C:\USERS\KEVIN\DESKTOP\PROYECTO.X\PRO.ASM 129 : Register in operand not in bank 0.  Ensure that bank bits are correct.
Message[302] C:\USERS\KEVIN\DESKTOP\PROYECTO.X\PRO.ASM 133 : Register in operand not in bank 0.  Ensure that bank bits are correct.
Message[302] C:\USERS\KEVIN\DESKTOP\PROYECTO.X\PRO.ASM 134 : Register in operand not in bank 0.  Ensure that bank bits are correct.
Message[302] C:\USERS\KEVIN\DESKTOP\PROYECTO.X\PRO.ASM 135 : Register in operand not in bank 0.  Ensure that bank bits are correct.
Message[302] C:\USERS\KEVIN\DESKTOP\PROYECTO.X\PRO.ASM 136 : Register in operand not in bank 0.  Ensure that bank bits are correct.
Message[302] C:\USERS\KEVIN\DESKTOP\PROYECTO.X\PRO.ASM 137 : Register in operand not in bank 0.  Ensure that bank bits are correct.
Message[305] C:\USERS\KEVIN\DESKTOP\PROYECTO.X\PRO.ASM 189 : Using default destination of 1 (file).
Message[305] C:\USERS\KEVIN\DESKTOP\PROYECTO.X\PRO.ASM 195 : Using default destination of 1 (file).
Warning[207] C:\USERS\KEVIN\DESKTOP\PROYECTO.X\PRO.ASM 196 : Found label after column 1. (SEC)
Warning[207] C:\USERS\KEVIN\DESKTOP\PROYECTO.X\PRO.ASM 207 : Found label after column 1. (TIMECHECK)
Message[305] C:\USERS\KEVIN\DESKTOP\PROYECTO.X\PRO.ASM 208 : Using default destination of 1 (file).
Warning[207] C:\USERS\KEVIN\DESKTOP\PROYECTO.X\PRO.ASM 211 : Found label after column 1. (TIMECHECK0)
Warning[207] C:\USERS\KEVIN\DESKTOP\PROYECTO.X\PRO.ASM 219 : Found label after column 1. (TIMECHECK2)
Warning[207] C:\USERS\KEVIN\DESKTOP\PROYECTO.X\PRO.ASM 226 : Found label after column 1. (TIMECHECK3)
Warning[207] C:\USERS\KEVIN\DESKTOP\PROYECTO.X\PRO.ASM 233 : Found label after column 1. (TIMECHECK4)
Warning[207] C:\USERS\KEVIN\DESKTOP\PROYECTO.X\PRO.ASM 240 : Found label after column 1. (TIMECHECK5)
Warning[207] C:\USERS\KEVIN\DESKTOP\PROYECTO.X\PRO.ASM 247 : Found label after column 1. (TIMECHECK6)
Warning[207] C:\USERS\KEVIN\DESKTOP\PROYECTO.X\PRO.ASM 254 : Found label after column 1. (TIMECHECK7)
Warning[207] C:\USERS\KEVIN\DESKTOP\PROYECTO.X\PRO.ASM 261 : Found label after column 1. (TIMECHECK8)
Warning[207] C:\USERS\KEVIN\DESKTOP\PROYECTO.X\PRO.ASM 268 : Found label after column 1. (TIMECHECK9)
Warning[207] C:\USERS\KEVIN\DESKTOP\PROYECTO.X\PRO.ASM 275 : Found label after column 1. (TIMECHECK10)
Warning[207] C:\USERS\KEVIN\DESKTOP\PROYECTO.X\PRO.ASM 282 : Found label after column 1. (TIMECHECK11)
Warning[207] C:\USERS\KEVIN\DESKTOP\PROYECTO.X\PRO.ASM 289 : Found label after column 1. (TIMECHECK21)
Warning[207] C:\USERS\KEVIN\DESKTOP\PROYECTO.X\PRO.ASM 296 : Found label after column 1. (TIMECHECK22)
Warning[207] C:\USERS\KEVIN\DESKTOP\PROYECTO.X\PRO.ASM 303 : Found label after column 1. (TIMECHECK23)
Warning[207] C:\USERS\KEVIN\DESKTOP\PROYECTO.X\PRO.ASM 310 : Found label after column 1. (TIMECHECK24)
Warning[207] C:\USERS\KEVIN\DESKTOP\PROYECTO.X\PRO.ASM 317 : Found label after column 1. (TIMECHECK25)
Warning[207] C:\USERS\KEVIN\DESKTOP\PROYECTO.X\PRO.ASM 324 : Found label after column 1. (TIMECHECK26)
Warning[207] C:\USERS\KEVIN\DESKTOP\PROYECTO.X\PRO.ASM 331 : Found label after column 1. (TIMECHECK27)
Warning[207] C:\USERS\KEVIN\DESKTOP\PROYECTO.X\PRO.ASM 338 : Found label after column 1. (TIMECHECK28)
Warning[207] C:\USERS\KEVIN\DESKTOP\PROYECTO.X\PRO.ASM 345 : Found label after column 1. (TIMECHECK29)
Warning[207] C:\USERS\KEVIN\DESKTOP\PROYECTO.X\PRO.ASM 352 : Found label after column 1. (TIMECHECK30)
Warning[207] C:\USERS\KEVIN\DESKTOP\PROYECTO.X\PRO.ASM 359 : Found label after column 1. (TIMECHECK31)
Warning[207] C:\USERS\KEVIN\DESKTOP\PROYECTO.X\PRO.ASM 366 : Found label after column 1. (TIMECHECK32)
Warning[207] C:\USERS\KEVIN\DESKTOP\PROYECTO.X\PRO.ASM 373 : Found label after column 1. (TIMECHECK33)
Warning[207] C:\USERS\KEVIN\DESKTOP\PROYECTO.X\PRO.ASM 380 : Found label after column 1. (TIMECHECK34)
Warning[207] C:\USERS\KEVIN\DESKTOP\PROYECTO.X\PRO.ASM 387 : Found label after column 1. (TIMECHECK35)
Warning[207] C:\USERS\KEVIN\DESKTOP\PROYECTO.X\PRO.ASM 394 : Found label after column 1. (TIMECHECK36)
Warning[207] C:\USERS\KEVIN\DESKTOP\PROYECTO.X\PRO.ASM 401 : Found label after column 1. (TIMECHECK37)
Warning[207] C:\USERS\KEVIN\DESKTOP\PROYECTO.X\PRO.ASM 408 : Found label after column 1. (TIMECHECK38)
Warning[207] C:\USERS\KEVIN\DESKTOP\PROYECTO.X\PRO.ASM 415 : Found label after column 1. (TIMECHECK39)
Warning[207] C:\USERS\KEVIN\DESKTOP\PROYECTO.X\PRO.ASM 422 : Found label after column 1. (TIMECHECK40)
Warning[207] C:\USERS\KEVIN\DESKTOP\PROYECTO.X\PRO.ASM 433 : Found label after column 1. (TIMECHECKY1)
Warning[207] C:\USERS\KEVIN\DESKTOP\PROYECTO.X\PRO.ASM 440 : Found label after column 1. (TIMECHECKY2)
Warning[207] C:\USERS\KEVIN\DESKTOP\PROYECTO.X\PRO.ASM 447 : Found label after column 1. (TIMECHECKY3)
Warning[207] C:\USERS\KEVIN\DESKTOP\PROYECTO.X\PRO.ASM 454 : Found label after column 1. (TIMECHECKY4)
Warning[207] C:\USERS\KEVIN\DESKTOP\PROYECTO.X\PRO.ASM 462 : Found label after column 1. (TIMECHECKY11)
Warning[207] C:\USERS\KEVIN\DESKTOP\PROYECTO.X\PRO.ASM 469 : Found label after column 1. (TIMECHECKY12)
Warning[207] C:\USERS\KEVIN\DESKTOP\PROYECTO.X\PRO.ASM 477 : Found label after column 1. (TIMECHECKY13)
Warning[207] C:\USERS\KEVIN\DESKTOP\PROYECTO.X\PRO.ASM 484 : Found label after column 1. (TIMECHECKY14)
Warning[207] C:\USERS\KEVIN\DESKTOP\PROYECTO.X\PRO.ASM 491 : Found label after column 1. (TIMECHECKY15)
Warning[207] C:\USERS\KEVIN\DESKTOP\PROYECTO.X\PRO.ASM 498 : Found label after column 1. (TIMECHECKY16)
Warning[207] C:\USERS\KEVIN\DESKTOP\PROYECTO.X\PRO.ASM 513 : Found label after column 1. (PHASE1)
Warning[207] C:\USERS\KEVIN\DESKTOP\PROYECTO.X\PRO.ASM 518 : Found label after column 1. (DMODE1)
Warning[207] C:\USERS\KEVIN\DESKTOP\PROYECTO.X\PRO.ASM 525 : Found label after column 1. (AMODE1)
Warning[207] C:\USERS\KEVIN\DESKTOP\PROYECTO.X\PRO.ASM 532 : Found label after column 1. (NMODE1)
Warning[207] C:\USERS\KEVIN\DESKTOP\PROYECTO.X\PRO.ASM 539 : Found label after column 1. (MMODE1)
Warning[207] C:\USERS\KEVIN\DESKTOP\PROYECTO.X\PRO.ASM 549 : Found label after column 1. (PHASE2)
Warning[207] C:\USERS\KEVIN\DESKTOP\PROYECTO.X\PRO.ASM 554 : Found label after column 1. (DMODE2)
Warning[207] C:\USERS\KEVIN\DESKTOP\PROYECTO.X\PRO.ASM 561 : Found label after column 1. (AMODE2)
Warning[207] C:\USERS\KEVIN\DESKTOP\PROYECTO.X\PRO.ASM 568 : Found label after column 1. (NMODE2)
Warning[207] C:\USERS\KEVIN\DESKTOP\PROYECTO.X\PRO.ASM 575 : Found label after column 1. (PHASE3)
Warning[207] C:\USERS\KEVIN\DESKTOP\PROYECTO.X\PRO.ASM 580 : Found label after column 1. (DMODE3)
Warning[207] C:\USERS\KEVIN\DESKTOP\PROYECTO.X\PRO.ASM 587 : Found label after column 1. (AMODE3)
Warning[207] C:\USERS\KEVIN\DESKTOP\PROYECTO.X\PRO.ASM 594 : Found label after column 1. (NMODE3)
Warning[207] C:\USERS\KEVIN\DESKTOP\PROYECTO.X\PRO.ASM 601 : Found label after column 1. (PHASE4)
Warning[207] C:\USERS\KEVIN\DESKTOP\PROYECTO.X\PRO.ASM 606 : Found label after column 1. (DMODE4)
Warning[207] C:\USERS\KEVIN\DESKTOP\PROYECTO.X\PRO.ASM 613 : Found label after column 1. (AMODE4)
Warning[207] C:\USERS\KEVIN\DESKTOP\PROYECTO.X\PRO.ASM 620 : Found label after column 1. (NMODE4)
Warning[207] C:\USERS\KEVIN\DESKTOP\PROYECTO.X\PRO.ASM 627 : Found label after column 1. (PHASE5)
Warning[207] C:\USERS\KEVIN\DESKTOP\PROYECTO.X\PRO.ASM 631 : Found label after column 1. (DMODE5)
Warning[207] C:\USERS\KEVIN\DESKTOP\PROYECTO.X\PRO.ASM 638 : Found label after column 1. (AMODE5)
Warning[207] C:\USERS\KEVIN\DESKTOP\PROYECTO.X\PRO.ASM 645 : Found label after column 1. (NMODE5)
Warning[207] C:\USERS\KEVIN\DESKTOP\PROYECTO.X\PRO.ASM 652 : Found label after column 1. (PHASE6)
Warning[207] C:\USERS\KEVIN\DESKTOP\PROYECTO.X\PRO.ASM 656 : Found label after column 1. (DMODE6)
Warning[207] C:\USERS\KEVIN\DESKTOP\PROYECTO.X\PRO.ASM 663 : Found label after column 1. (AMODE6)
Warning[207] C:\USERS\KEVIN\DESKTOP\PROYECTO.X\PRO.ASM 670 : Found label after column 1. (NMODE6)
Warning[207] C:\USERS\KEVIN\DESKTOP\PROYECTO.X\PRO.ASM 677 : Found label after column 1. (PHASE7)
Warning[207] C:\USERS\KEVIN\DESKTOP\PROYECTO.X\PRO.ASM 681 : Found label after column 1. (DMODE7)
Warning[207] C:\USERS\KEVIN\DESKTOP\PROYECTO.X\PRO.ASM 688 : Found label after column 1. (AMODE7)
Warning[207] C:\USERS\KEVIN\DESKTOP\PROYECTO.X\PRO.ASM 695 : Found label after column 1. (NMODE7)
Warning[207] C:\USERS\KEVIN\DESKTOP\PROYECTO.X\PRO.ASM 702 : Found label after column 1. (PHASE8)
Warning[207] C:\USERS\KEVIN\DESKTOP\PROYECTO.X\PRO.ASM 706 : Found label after column 1. (DMODE8)
Warning[207] C:\USERS\KEVIN\DESKTOP\PROYECTO.X\PRO.ASM 713 : Found label after column 1. (AMODE8)
Warning[207] C:\USERS\KEVIN\DESKTOP\PROYECTO.X\PRO.ASM 720 : Found label after column 1. (NMODE8)
Warning[207] C:\USERS\KEVIN\DESKTOP\PROYECTO.X\PRO.ASM 727 : Found label after column 1. (PHASE9)
Warning[207] C:\USERS\KEVIN\DESKTOP\PROYECTO.X\PRO.ASM 731 : Found label after column 1. (DMODE9)
Warning[207] C:\USERS\KEVIN\DESKTOP\PROYECTO.X\PRO.ASM 738 : Found label after column 1. (AMODE9)
Warning[207] C:\USERS\KEVIN\DESKTOP\PROYECTO.X\PRO.ASM 745 : Found label after column 1. (NMODE9)
Warning[207] C:\USERS\KEVIN\DESKTOP\PROYECTO.X\PRO.ASM 752 : Found label after column 1. (PHASE10)
Warning[207] C:\USERS\KEVIN\DESKTOP\PROYECTO.X\PRO.ASM 756 : Found label after column 1. (DMODE10)
Warning[207] C:\USERS\KEVIN\DESKTOP\PROYECTO.X\PRO.ASM 763 : Found label after column 1. (AMODE10)
Warning[207] C:\USERS\KEVIN\DESKTOP\PROYECTO.X\PRO.ASM 770 : Found label after column 1. (NMODE10)
Warning[207] C:\USERS\KEVIN\DESKTOP\PROYECTO.X\PRO.ASM 777 : Found label after column 1. (PHASE11)
Warning[207] C:\USERS\KEVIN\DESKTOP\PROYECTO.X\PRO.ASM 784 : Found label after column 1. (PHASEON)
Warning[207] C:\USERS\KEVIN\DESKTOP\PROYECTO.X\PRO.ASM 796 : Found label after column 1. (PHASEOFF)
Warning[207] C:\USERS\KEVIN\DESKTOP\PROYECTO.X\PRO.ASM 806 : Found label after column 1. (PHASE18)
Warning[207] C:\USERS\KEVIN\DESKTOP\PROYECTO.X\PRO.ASM 814 : Found label after column 1. (PHASE19)
Warning[207] C:\USERS\KEVIN\DESKTOP\PROYECTO.X\PRO.ASM 823 : Found label after column 1. (PHASE31)
Warning[207] C:\USERS\KEVIN\DESKTOP\PROYECTO.X\PRO.ASM 830 : Found label after column 1. (NMODE31)
Warning[207] C:\USERS\KEVIN\DESKTOP\PROYECTO.X\PRO.ASM 836 : Found label after column 1. (PHASE32)
Warning[207] C:\USERS\KEVIN\DESKTOP\PROYECTO.X\PRO.ASM 843 : Found label after column 1. (NMODE32)
Warning[207] C:\USERS\KEVIN\DESKTOP\PROYECTO.X\PRO.ASM 850 : Found label after column 1. (PHASE38)
Warning[207] C:\USERS\KEVIN\DESKTOP\PROYECTO.X\PRO.ASM 858 : Found label after column 1. (PHASE39)
Warning[207] C:\USERS\KEVIN\DESKTOP\PROYECTO.X\PRO.ASM 867 : Found label after column 1. (PHASE51)
Warning[207] C:\USERS\KEVIN\DESKTOP\PROYECTO.X\PRO.ASM 874 : Found label after column 1. (NMODE51)
Warning[207] C:\USERS\KEVIN\DESKTOP\PROYECTO.X\PRO.ASM 880 : Found label after column 1. (PHASE52)
Warning[207] C:\USERS\KEVIN\DESKTOP\PROYECTO.X\PRO.ASM 887 : Found label after column 1. (NMODE52)
Warning[207] C:\USERS\KEVIN\DESKTOP\PROYECTO.X\PRO.ASM 894 : Found label after column 1. (PHASE58)
Warning[207] C:\USERS\KEVIN\DESKTOP\PROYECTO.X\PRO.ASM 900 : Found label after column 1. (AMODE58)
Warning[207] C:\USERS\KEVIN\DESKTOP\PROYECTO.X\PRO.ASM 905 : Found label after column 1. (NMODE58)
Warning[207] C:\USERS\KEVIN\DESKTOP\PROYECTO.X\PRO.ASM 911 : Found label after column 1. (PHASE59)
Warning[207] C:\USERS\KEVIN\DESKTOP\PROYECTO.X\PRO.ASM 917 : Found label after column 1. (AMODE59)
Warning[207] C:\USERS\KEVIN\DESKTOP\PROYECTO.X\PRO.ASM 922 : Found label after column 1. (NMODE59)
Message[302] C:\USERS\KEVIN\DESKTOP\PROYECTO.X\PRO.ASM 941 : Register in operand not in bank 0.  Ensure that bank bits are correct.
Message[302] C:\USERS\KEVIN\DESKTOP\PROYECTO.X\PRO.ASM 942 : Register in operand not in bank 0.  Ensure that bank bits are correct.
Message[302] C:\USERS\KEVIN\DESKTOP\PROYECTO.X\PRO.ASM 943 : Register in operand not in bank 0.  Ensure that bank bits are correct.
Message[302] C:\USERS\KEVIN\DESKTOP\PROYECTO.X\PRO.ASM 944 : Register in operand not in bank 0.  Ensure that bank bits are correct.
Message[302] C:\USERS\KEVIN\DESKTOP\PROYECTO.X\PRO.ASM 945 : Register in operand not in bank 0.  Ensure that bank bits are correct.
Warning[203] C:\USERS\KEVIN\DESKTOP\PROYECTO.X\PRO.ASM 950 : Found opcode in column 1. (RETURN)
Warning[203] C:\USERS\KEVIN\DESKTOP\PROYECTO.X\PRO.ASM 963 : Found opcode in column 1. (RETURN)
Warning[205] C:\USERS\KEVIN\DESKTOP\PROYECTO.X\PRO.ASM 965 : Found directive in column 1. (END)
